Analysis & Synthesis report for senzor
Wed Feb 06 14:54:04 2019
Quartus II 64-Bit Version 13.1.0 Build 162 10/23/2013 SJ Web Edition


---------------------
; Table of Contents ;
---------------------
  1. Legal Notice
  2. Analysis & Synthesis Summary
  3. Analysis & Synthesis Settings
  4. Parallel Compilation
  5. Analysis & Synthesis Source Files Read
  6. Analysis & Synthesis Resource Usage Summary
  7. Analysis & Synthesis Resource Utilization by Entity
  8. General Register Statistics
  9. Inverted Register Statistics
 10. Multiplexer Restructuring Statistics (Restructuring Performed)
 11. Parameter Settings for User Entity Instance: REGX:inst12
 12. Parameter Settings for User Entity Instance: CMPX:inst9
 13. Parameter Settings for User Entity Instance: REGX:inst8
 14. Parameter Settings for User Entity Instance: REGX:inst1
 15. Parameter Settings for User Entity Instance: REGX:inst
 16. Parameter Settings for User Entity Instance: CLK_DIVIDER:sdasads
 17. Parameter Settings for User Entity Instance: CONSTX:inst11
 18. Parameter Settings for Inferred Entity Instance: Binary2BCD:inst14|lpm_divide:Div1
 19. Parameter Settings for Inferred Entity Instance: Binary2BCD:inst14|lpm_divide:Mod2
 20. Parameter Settings for Inferred Entity Instance: Binary2BCD:inst14|lpm_divide:Div0
 21. Parameter Settings for Inferred Entity Instance: Binary2BCD:inst14|lpm_divide:Mod1
 22. Parameter Settings for Inferred Entity Instance: Binary2BCD:inst14|lpm_divide:Mod0
 23. Elapsed Time Per Partition
 24. Analysis & Synthesis Messages



----------------
; Legal Notice ;
----------------
Copyright (C) 1991-2013 Altera Corporation
Your use of Altera Corporation's design tools, logic functions 
and other software and tools, and its AMPP partner logic 
functions, and any output files from any of the foregoing 
(including device programming or simulation files), and any 
associated documentation or information are expressly subject 
to the terms and conditions of the Altera Program License 
Subscription Agreement, Altera MegaCore Function License 
Agreement, or other applicable license agreement, including, 
without limitation, that your use is for the sole purpose of 
programming logic devices manufactured by Altera and sold by 
Altera or its authorized distributors.  Please refer to the 
applicable agreement for further details.



+---------------------------------------------------------------------------------+
; Analysis & Synthesis Summary                                                    ;
+------------------------------------+--------------------------------------------+
; Analysis & Synthesis Status        ; Successful - Wed Feb 06 14:54:04 2019      ;
; Quartus II 64-Bit Version          ; 13.1.0 Build 162 10/23/2013 SJ Web Edition ;
; Revision Name                      ; senzor                                     ;
; Top-level Entity Name              ; senzor                                     ;
; Family                             ; Cyclone III                                ;
; Total logic elements               ; 274                                        ;
;     Total combinational functions  ; 257                                        ;
;     Dedicated logic registers      ; 73                                         ;
; Total registers                    ; 73                                         ;
; Total pins                         ; 27                                         ;
; Total virtual pins                 ; 0                                          ;
; Total memory bits                  ; 0                                          ;
; Embedded Multiplier 9-bit elements ; 0                                          ;
; Total PLLs                         ; 0                                          ;
+------------------------------------+--------------------------------------------+


+----------------------------------------------------------------------------------------------------------------------+
; Analysis & Synthesis Settings                                                                                        ;
+----------------------------------------------------------------------------+--------------------+--------------------+
; Option                                                                     ; Setting            ; Default Value      ;
+----------------------------------------------------------------------------+--------------------+--------------------+
; Device                                                                     ; EP3C16F484C6       ;                    ;
; Top-level entity name                                                      ; senzor             ; senzor             ;
; Family name                                                                ; Cyclone III        ; Cyclone IV GX      ;
; Use smart compilation                                                      ; Off                ; Off                ;
; Enable parallel Assembler and TimeQuest Timing Analyzer during compilation ; On                 ; On                 ;
; Enable compact report table                                                ; Off                ; Off                ;
; Restructure Multiplexers                                                   ; Auto               ; Auto               ;
; Create Debugging Nodes for IP Cores                                        ; Off                ; Off                ;
; Preserve fewer node names                                                  ; On                 ; On                 ;
; Disable OpenCore Plus hardware evaluation                                  ; Off                ; Off                ;
; Verilog Version                                                            ; Verilog_2001       ; Verilog_2001       ;
; VHDL Version                                                               ; VHDL_1993          ; VHDL_1993          ;
; State Machine Processing                                                   ; Auto               ; Auto               ;
; Safe State Machine                                                         ; Off                ; Off                ;
; Extract Verilog State Machines                                             ; On                 ; On                 ;
; Extract VHDL State Machines                                                ; On                 ; On                 ;
; Ignore Verilog initial constructs                                          ; Off                ; Off                ;
; Iteration limit for constant Verilog loops                                 ; 5000               ; 5000               ;
; Iteration limit for non-constant Verilog loops                             ; 250                ; 250                ;
; Add Pass-Through Logic to Inferred RAMs                                    ; On                 ; On                 ;
; Infer RAMs from Raw Logic                                                  ; On                 ; On                 ;
; Parallel Synthesis                                                         ; On                 ; On                 ;
; DSP Block Balancing                                                        ; Auto               ; Auto               ;
; NOT Gate Push-Back                                                         ; On                 ; On                 ;
; Power-Up Don't Care                                                        ; On                 ; On                 ;
; Remove Redundant Logic Cells                                               ; Off                ; Off                ;
; Remove Duplicate Registers                                                 ; On                 ; On                 ;
; Ignore CARRY Buffers                                                       ; Off                ; Off                ;
; Ignore CASCADE Buffers                                                     ; Off                ; Off                ;
; Ignore GLOBAL Buffers                                                      ; Off                ; Off                ;
; Ignore ROW GLOBAL Buffers                                                  ; Off                ; Off                ;
; Ignore LCELL Buffers                                                       ; Off                ; Off                ;
; Ignore SOFT Buffers                                                        ; On                 ; On                 ;
; Limit AHDL Integers to 32 Bits                                             ; Off                ; Off                ;
; Optimization Technique                                                     ; Balanced           ; Balanced           ;
; Carry Chain Length                                                         ; 70                 ; 70                 ;
; Auto Carry Chains                                                          ; On                 ; On                 ;
; Auto Open-Drain Pins                                                       ; On                 ; On                 ;
; Perform WYSIWYG Primitive Resynthesis                                      ; Off                ; Off                ;
; Auto ROM Replacement                                                       ; On                 ; On                 ;
; Auto RAM Replacement                                                       ; On                 ; On                 ;
; Auto DSP Block Replacement                                                 ; On                 ; On                 ;
; Auto Shift Register Replacement                                            ; Auto               ; Auto               ;
; Allow Shift Register Merging across Hierarchies                            ; Auto               ; Auto               ;
; Auto Clock Enable Replacement                                              ; On                 ; On                 ;
; Strict RAM Replacement                                                     ; Off                ; Off                ;
; Allow Synchronous Control Signals                                          ; On                 ; On                 ;
; Force Use of Synchronous Clear Signals                                     ; Off                ; Off                ;
; Auto RAM Block Balancing                                                   ; On                 ; On                 ;
; Auto RAM to Logic Cell Conversion                                          ; Off                ; Off                ;
; Auto Resource Sharing                                                      ; Off                ; Off                ;
; Allow Any RAM Size For Recognition                                         ; Off                ; Off                ;
; Allow Any ROM Size For Recognition                                         ; Off                ; Off                ;
; Allow Any Shift Register Size For Recognition                              ; Off                ; Off                ;
; Use LogicLock Constraints during Resource Balancing                        ; On                 ; On                 ;
; Ignore translate_off and synthesis_off directives                          ; Off                ; Off                ;
; Timing-Driven Synthesis                                                    ; On                 ; On                 ;
; Report Parameter Settings                                                  ; On                 ; On                 ;
; Report Source Assignments                                                  ; On                 ; On                 ;
; Report Connectivity Checks                                                 ; On                 ; On                 ;
; Ignore Maximum Fan-Out Assignments                                         ; Off                ; Off                ;
; Synchronization Register Chain Length                                      ; 2                  ; 2                  ;
; PowerPlay Power Optimization                                               ; Normal compilation ; Normal compilation ;
; HDL message level                                                          ; Level2             ; Level2             ;
; Suppress Register Optimization Related Messages                            ; Off                ; Off                ;
; Number of Removed Registers Reported in Synthesis Report                   ; 5000               ; 5000               ;
; Number of Swept Nodes Reported in Synthesis Report                         ; 5000               ; 5000               ;
; Number of Inverted Registers Reported in Synthesis Report                  ; 100                ; 100                ;
; Clock MUX Protection                                                       ; On                 ; On                 ;
; Auto Gated Clock Conversion                                                ; Off                ; Off                ;
; Block Design Naming                                                        ; Auto               ; Auto               ;
; SDC constraint protection                                                  ; Off                ; Off                ;
; Synthesis Effort                                                           ; Auto               ; Auto               ;
; Shift Register Replacement - Allow Asynchronous Clear Signal               ; On                 ; On                 ;
; Pre-Mapping Resynthesis Optimization                                       ; Off                ; Off                ;
; Analysis & Synthesis Message Level                                         ; Medium             ; Medium             ;
; Disable Register Merging Across Hierarchies                                ; Auto               ; Auto               ;
; Resource Aware Inference For Block RAM                                     ; On                 ; On                 ;
; Synthesis Seed                                                             ; 1                  ; 1                  ;
+----------------------------------------------------------------------------+--------------------+--------------------+


Parallel compilation was disabled, but you have multiple processors available. Enable parallel compilation to reduce compilation time.
+-------------------------------------+
; Parallel Compilation                ;
+----------------------------+--------+
; Processors                 ; Number ;
+----------------------------+--------+
; Number detected on machine ; 4      ;
; Maximum allowed            ; 1      ;
+----------------------------+--------+


+---------------------------------------------------------------------------------------------------------------------------------------------------------------------------------------------+
; Analysis & Synthesis Source Files Read                                                                                                                                                      ;
+-----------------------------------+-----------------+------------------------------------------+----------------------------------------------------------------------------------+---------+
; File Name with User-Entered Path  ; Used in Netlist ; File Type                                ; File Name with Absolute Path                                                     ; Library ;
+-----------------------------------+-----------------+------------------------------------------+----------------------------------------------------------------------------------+---------+
; seven_segment_digit_interface.vhd ; yes             ; User VHDL File                           ; C:/Users/sl170353/Desktop/test/seven_segment_digit_interface.vhd                 ;         ;
; RisingEdge.bdf                    ; yes             ; User Block Diagram/Schematic File        ; C:/Users/sl170353/Desktop/test/RisingEdge.bdf                                    ;         ;
; Binary2BCD.vhd                    ; yes             ; User VHDL File                           ; C:/Users/sl170353/Desktop/test/Binary2BCD.vhd                                    ;         ;
; ADD10.vhd                         ; yes             ; User VHDL File                           ; C:/Users/sl170353/Desktop/test/ADD10.vhd                                         ;         ;
; ADD1.vhd                          ; yes             ; User VHDL File                           ; C:/Users/sl170353/Desktop/test/ADD1.vhd                                          ;         ;
; REGX.vhd                          ; yes             ; User VHDL File                           ; C:/Users/sl170353/Desktop/test/REGX.vhd                                          ;         ;
; CONSTX.vhd                        ; yes             ; User VHDL File                           ; C:/Users/sl170353/Desktop/test/CONSTX.vhd                                        ;         ;
; CMPX.vhd                          ; yes             ; User VHDL File                           ; C:/Users/sl170353/Desktop/test/CMPX.vhd                                          ;         ;
; CLK_DIVIDER.vhd                   ; yes             ; User VHDL File                           ; C:/Users/sl170353/Desktop/test/CLK_DIVIDER.vhd                                   ;         ;
; senzor.bdf                        ; yes             ; Auto-Found Block Diagram/Schematic File  ; C:/Users/sl170353/Desktop/test/senzor.bdf                                        ;         ;
; add20.bdf                         ; yes             ; Auto-Found Block Diagram/Schematic File  ; C:/Users/sl170353/Desktop/test/add20.bdf                                         ;         ;
; lpm_divide.tdf                    ; yes             ; Megafunction                             ; c:/program files/altera/13.1/quartus/libraries/megafunctions/lpm_divide.tdf      ;         ;
; abs_divider.inc                   ; yes             ; Megafunction                             ; c:/program files/altera/13.1/quartus/libraries/megafunctions/abs_divider.inc     ;         ;
; sign_div_unsign.inc               ; yes             ; Megafunction                             ; c:/program files/altera/13.1/quartus/libraries/megafunctions/sign_div_unsign.inc ;         ;
; aglobal131.inc                    ; yes             ; Megafunction                             ; c:/program files/altera/13.1/quartus/libraries/megafunctions/aglobal131.inc      ;         ;
; db/lpm_divide_dgm.tdf             ; yes             ; Auto-Generated Megafunction              ; C:/Users/sl170353/Desktop/test/db/lpm_divide_dgm.tdf                             ;         ;
; db/sign_div_unsign_ekh.tdf        ; yes             ; Auto-Generated Megafunction              ; C:/Users/sl170353/Desktop/test/db/sign_div_unsign_ekh.tdf                        ;         ;
; db/alt_u_div_73f.tdf              ; yes             ; Auto-Generated Megafunction              ; C:/Users/sl170353/Desktop/test/db/alt_u_div_73f.tdf                              ;         ;
; db/add_sub_unc.tdf                ; yes             ; Auto-Generated Megafunction              ; C:/Users/sl170353/Desktop/test/db/add_sub_unc.tdf                                ;         ;
; db/add_sub_vnc.tdf                ; yes             ; Auto-Generated Megafunction              ; C:/Users/sl170353/Desktop/test/db/add_sub_vnc.tdf                                ;         ;
; db/lpm_divide_h8m.tdf             ; yes             ; Auto-Generated Megafunction              ; C:/Users/sl170353/Desktop/test/db/lpm_divide_h8m.tdf                             ;         ;
; db/sign_div_unsign_fkh.tdf        ; yes             ; Auto-Generated Megafunction              ; C:/Users/sl170353/Desktop/test/db/sign_div_unsign_fkh.tdf                        ;         ;
; db/alt_u_div_93f.tdf              ; yes             ; Auto-Generated Megafunction              ; C:/Users/sl170353/Desktop/test/db/alt_u_div_93f.tdf                              ;         ;
; db/lpm_divide_agm.tdf             ; yes             ; Auto-Generated Megafunction              ; C:/Users/sl170353/Desktop/test/db/lpm_divide_agm.tdf                             ;         ;
; db/sign_div_unsign_bkh.tdf        ; yes             ; Auto-Generated Megafunction              ; C:/Users/sl170353/Desktop/test/db/sign_div_unsign_bkh.tdf                        ;         ;
; db/alt_u_div_13f.tdf              ; yes             ; Auto-Generated Megafunction              ; C:/Users/sl170353/Desktop/test/db/alt_u_div_13f.tdf                              ;         ;
+-----------------------------------+-----------------+------------------------------------------+----------------------------------------------------------------------------------+---------+


+---------------------------------------------------------+
; Analysis & Synthesis Resource Usage Summary             ;
+---------------------------------------------+-----------+
; Resource                                    ; Usage     ;
+---------------------------------------------+-----------+
; Estimated Total logic elements              ; 274       ;
;                                             ;           ;
; Total combinational functions               ; 257       ;
; Logic element usage by number of LUT inputs ;           ;
;     -- 4 input functions                    ; 75        ;
;     -- 3 input functions                    ; 41        ;
;     -- <=2 input functions                  ; 141       ;
;                                             ;           ;
; Logic elements by mode                      ;           ;
;     -- normal mode                          ; 171       ;
;     -- arithmetic mode                      ; 86        ;
;                                             ;           ;
; Total registers                             ; 73        ;
;     -- Dedicated logic registers            ; 73        ;
;     -- I/O registers                        ; 0         ;
;                                             ;           ;
; I/O pins                                    ; 27        ;
; Embedded Multiplier 9-bit elements          ; 0         ;
; Maximum fan-out node                        ; MAG~input ;
; Maximum fan-out                             ; 58        ;
; Total fan-out                               ; 903       ;
; Average fan-out                             ; 2.35      ;
+---------------------------------------------+-----------+


+--------------------------------------------------------------------------------------------------------------------------------------------------------------------------------------------------------------------------------------------------------------------------------------------------+
; Analysis & Synthesis Resource Utilization by Entity                                                                                                                                                                                                                                              ;
+-------------------------------------------+-------------------+--------------+-------------+--------------+---------+-----------+------+--------------+---------------------------------------------------------------------------------------------------------------------------+--------------+
; Compilation Hierarchy Node                ; LC Combinationals ; LC Registers ; Memory Bits ; DSP Elements ; DSP 9x9 ; DSP 18x18 ; Pins ; Virtual Pins ; Full Hierarchy Name                                                                                                       ; Library Name ;
+-------------------------------------------+-------------------+--------------+-------------+--------------+---------+-----------+------+--------------+---------------------------------------------------------------------------------------------------------------------------+--------------+
; |senzor                                   ; 257 (0)           ; 73 (0)       ; 0           ; 0            ; 0       ; 0         ; 27   ; 0            ; |senzor                                                                                                                   ; work         ;
;    |ADD20:inst5|                          ; 39 (0)            ; 0 (0)        ; 0           ; 0            ; 0       ; 0         ; 0    ; 0            ; |senzor|ADD20:inst5                                                                                                       ; work         ;
;       |ADD10:inst1|                       ; 15 (0)            ; 0 (0)        ; 0           ; 0            ; 0       ; 0         ; 0    ; 0            ; |senzor|ADD20:inst5|ADD10:inst1                                                                                           ; work         ;
;          |ADD1:add10|                     ; 2 (2)             ; 0 (0)        ; 0           ; 0            ; 0       ; 0         ; 0    ; 0            ; |senzor|ADD20:inst5|ADD10:inst1|ADD1:add10                                                                                ; work         ;
;          |ADD1:add11|                     ; 1 (1)             ; 0 (0)        ; 0           ; 0            ; 0       ; 0         ; 0    ; 0            ; |senzor|ADD20:inst5|ADD10:inst1|ADD1:add11                                                                                ; work         ;
;          |ADD1:add12|                     ; 6 (6)             ; 0 (0)        ; 0           ; 0            ; 0       ; 0         ; 0    ; 0            ; |senzor|ADD20:inst5|ADD10:inst1|ADD1:add12                                                                                ; work         ;
;          |ADD1:add13|                     ; 2 (2)             ; 0 (0)        ; 0           ; 0            ; 0       ; 0         ; 0    ; 0            ; |senzor|ADD20:inst5|ADD10:inst1|ADD1:add13                                                                                ; work         ;
;          |ADD1:add14|                     ; 2 (2)             ; 0 (0)        ; 0           ; 0            ; 0       ; 0         ; 0    ; 0            ; |senzor|ADD20:inst5|ADD10:inst1|ADD1:add14                                                                                ; work         ;
;          |ADD1:add15|                     ; 2 (2)             ; 0 (0)        ; 0           ; 0            ; 0       ; 0         ; 0    ; 0            ; |senzor|ADD20:inst5|ADD10:inst1|ADD1:add15                                                                                ; work         ;
;       |ADD10:inst|                        ; 24 (0)            ; 0 (0)        ; 0           ; 0            ; 0       ; 0         ; 0    ; 0            ; |senzor|ADD20:inst5|ADD10:inst                                                                                            ; work         ;
;          |ADD1:add11|                     ; 2 (2)             ; 0 (0)        ; 0           ; 0            ; 0       ; 0         ; 0    ; 0            ; |senzor|ADD20:inst5|ADD10:inst|ADD1:add11                                                                                 ; work         ;
;          |ADD1:add12|                     ; 1 (1)             ; 0 (0)        ; 0           ; 0            ; 0       ; 0         ; 0    ; 0            ; |senzor|ADD20:inst5|ADD10:inst|ADD1:add12                                                                                 ; work         ;
;          |ADD1:add13|                     ; 5 (5)             ; 0 (0)        ; 0           ; 0            ; 0       ; 0         ; 0    ; 0            ; |senzor|ADD20:inst5|ADD10:inst|ADD1:add13                                                                                 ; work         ;
;          |ADD1:add14|                     ; 2 (2)             ; 0 (0)        ; 0           ; 0            ; 0       ; 0         ; 0    ; 0            ; |senzor|ADD20:inst5|ADD10:inst|ADD1:add14                                                                                 ; work         ;
;          |ADD1:add15|                     ; 1 (1)             ; 0 (0)        ; 0           ; 0            ; 0       ; 0         ; 0    ; 0            ; |senzor|ADD20:inst5|ADD10:inst|ADD1:add15                                                                                 ; work         ;
;          |ADD1:add16|                     ; 5 (5)             ; 0 (0)        ; 0           ; 0            ; 0       ; 0         ; 0    ; 0            ; |senzor|ADD20:inst5|ADD10:inst|ADD1:add16                                                                                 ; work         ;
;          |ADD1:add17|                     ; 1 (1)             ; 0 (0)        ; 0           ; 0            ; 0       ; 0         ; 0    ; 0            ; |senzor|ADD20:inst5|ADD10:inst|ADD1:add17                                                                                 ; work         ;
;          |ADD1:add18|                     ; 1 (1)             ; 0 (0)        ; 0           ; 0            ; 0       ; 0         ; 0    ; 0            ; |senzor|ADD20:inst5|ADD10:inst|ADD1:add18                                                                                 ; work         ;
;          |ADD1:add19|                     ; 6 (6)             ; 0 (0)        ; 0           ; 0            ; 0       ; 0         ; 0    ; 0            ; |senzor|ADD20:inst5|ADD10:inst|ADD1:add19                                                                                 ; work         ;
;    |Binary2BCD:inst14|                    ; 128 (0)           ; 0 (0)        ; 0           ; 0            ; 0       ; 0         ; 0    ; 0            ; |senzor|Binary2BCD:inst14                                                                                                 ; work         ;
;       |lpm_divide:Div0|                   ; 44 (0)            ; 0 (0)        ; 0           ; 0            ; 0       ; 0         ; 0    ; 0            ; |senzor|Binary2BCD:inst14|lpm_divide:Div0                                                                                 ; work         ;
;          |lpm_divide_agm:auto_generated|  ; 44 (0)            ; 0 (0)        ; 0           ; 0            ; 0       ; 0         ; 0    ; 0            ; |senzor|Binary2BCD:inst14|lpm_divide:Div0|lpm_divide_agm:auto_generated                                                   ; work         ;
;             |sign_div_unsign_bkh:divider| ; 44 (0)            ; 0 (0)        ; 0           ; 0            ; 0       ; 0         ; 0    ; 0            ; |senzor|Binary2BCD:inst14|lpm_divide:Div0|lpm_divide_agm:auto_generated|sign_div_unsign_bkh:divider                       ; work         ;
;                |alt_u_div_13f:divider|    ; 44 (44)           ; 0 (0)        ; 0           ; 0            ; 0       ; 0         ; 0    ; 0            ; |senzor|Binary2BCD:inst14|lpm_divide:Div0|lpm_divide_agm:auto_generated|sign_div_unsign_bkh:divider|alt_u_div_13f:divider ; work         ;
;       |lpm_divide:Div1|                   ; 7 (0)             ; 0 (0)        ; 0           ; 0            ; 0       ; 0         ; 0    ; 0            ; |senzor|Binary2BCD:inst14|lpm_divide:Div1                                                                                 ; work         ;
;          |lpm_divide_dgm:auto_generated|  ; 7 (0)             ; 0 (0)        ; 0           ; 0            ; 0       ; 0         ; 0    ; 0            ; |senzor|Binary2BCD:inst14|lpm_divide:Div1|lpm_divide_dgm:auto_generated                                                   ; work         ;
;             |sign_div_unsign_ekh:divider| ; 7 (0)             ; 0 (0)        ; 0           ; 0            ; 0       ; 0         ; 0    ; 0            ; |senzor|Binary2BCD:inst14|lpm_divide:Div1|lpm_divide_dgm:auto_generated|sign_div_unsign_ekh:divider                       ; work         ;
;                |alt_u_div_73f:divider|    ; 7 (7)             ; 0 (0)        ; 0           ; 0            ; 0       ; 0         ; 0    ; 0            ; |senzor|Binary2BCD:inst14|lpm_divide:Div1|lpm_divide_dgm:auto_generated|sign_div_unsign_ekh:divider|alt_u_div_73f:divider ; work         ;
;       |lpm_divide:Mod0|                   ; 64 (0)            ; 0 (0)        ; 0           ; 0            ; 0       ; 0         ; 0    ; 0            ; |senzor|Binary2BCD:inst14|lpm_divide:Mod0                                                                                 ; work         ;
;          |lpm_divide_h8m:auto_generated|  ; 64 (0)            ; 0 (0)        ; 0           ; 0            ; 0       ; 0         ; 0    ; 0            ; |senzor|Binary2BCD:inst14|lpm_divide:Mod0|lpm_divide_h8m:auto_generated                                                   ; work         ;
;             |sign_div_unsign_fkh:divider| ; 64 (0)            ; 0 (0)        ; 0           ; 0            ; 0       ; 0         ; 0    ; 0            ; |senzor|Binary2BCD:inst14|lpm_divide:Mod0|lpm_divide_h8m:auto_generated|sign_div_unsign_fkh:divider                       ; work         ;
;                |alt_u_div_93f:divider|    ; 64 (64)           ; 0 (0)        ; 0           ; 0            ; 0       ; 0         ; 0    ; 0            ; |senzor|Binary2BCD:inst14|lpm_divide:Mod0|lpm_divide_h8m:auto_generated|sign_div_unsign_fkh:divider|alt_u_div_93f:divider ; work         ;
;       |lpm_divide:Mod1|                   ; 13 (0)            ; 0 (0)        ; 0           ; 0            ; 0       ; 0         ; 0    ; 0            ; |senzor|Binary2BCD:inst14|lpm_divide:Mod1                                                                                 ; work         ;
;          |lpm_divide_h8m:auto_generated|  ; 13 (0)            ; 0 (0)        ; 0           ; 0            ; 0       ; 0         ; 0    ; 0            ; |senzor|Binary2BCD:inst14|lpm_divide:Mod1|lpm_divide_h8m:auto_generated                                                   ; work         ;
;             |sign_div_unsign_fkh:divider| ; 13 (0)            ; 0 (0)        ; 0           ; 0            ; 0       ; 0         ; 0    ; 0            ; |senzor|Binary2BCD:inst14|lpm_divide:Mod1|lpm_divide_h8m:auto_generated|sign_div_unsign_fkh:divider                       ; work         ;
;                |alt_u_div_93f:divider|    ; 13 (13)           ; 0 (0)        ; 0           ; 0            ; 0       ; 0         ; 0    ; 0            ; |senzor|Binary2BCD:inst14|lpm_divide:Mod1|lpm_divide_h8m:auto_generated|sign_div_unsign_fkh:divider|alt_u_div_93f:divider ; work         ;
;    |CLK_DIVIDER:sdasads|                  ; 28 (28)           ; 16 (16)      ; 0           ; 0            ; 0       ; 0         ; 0    ; 0            ; |senzor|CLK_DIVIDER:sdasads                                                                                               ; work         ;
;    |REGX:inst12|                          ; 7 (7)             ; 7 (7)        ; 0           ; 0            ; 0       ; 0         ; 0    ; 0            ; |senzor|REGX:inst12                                                                                                       ; work         ;
;    |REGX:inst1|                           ; 0 (0)             ; 16 (16)      ; 0           ; 0            ; 0       ; 0         ; 0    ; 0            ; |senzor|REGX:inst1                                                                                                        ; work         ;
;    |REGX:inst8|                           ; 23 (23)           ; 16 (16)      ; 0           ; 0            ; 0       ; 0         ; 0    ; 0            ; |senzor|REGX:inst8                                                                                                        ; work         ;
;    |REGX:inst|                            ; 16 (16)           ; 16 (16)      ; 0           ; 0            ; 0       ; 0         ; 0    ; 0            ; |senzor|REGX:inst                                                                                                         ; work         ;
;    |RisingEdge:inst4|                     ; 2 (2)             ; 2 (2)        ; 0           ; 0            ; 0       ; 0         ; 0    ; 0            ; |senzor|RisingEdge:inst4                                                                                                  ; work         ;
;    |seven_segment_digit_interface:inst16| ; 7 (7)             ; 0 (0)        ; 0           ; 0            ; 0       ; 0         ; 0    ; 0            ; |senzor|seven_segment_digit_interface:inst16                                                                              ; work         ;
;    |seven_segment_digit_interface:inst17| ; 7 (7)             ; 0 (0)        ; 0           ; 0            ; 0       ; 0         ; 0    ; 0            ; |senzor|seven_segment_digit_interface:inst17                                                                              ; work         ;
+-------------------------------------------+-------------------+--------------+-------------+--------------+---------+-----------+------+--------------+---------------------------------------------------------------------------------------------------------------------------+--------------+
Note: For table entries with two numbers listed, the numbers in parentheses indicate the number of resources of the given type used by the specific entity alone. The numbers listed outside of parentheses indicate the total resources of the given type used by the specific entity and all of its sub-entities in the hierarchy.


+------------------------------------------------------+
; General Register Statistics                          ;
+----------------------------------------------+-------+
; Statistic                                    ; Value ;
+----------------------------------------------+-------+
; Total registers                              ; 73    ;
; Number of registers using Synchronous Clear  ; 23    ;
; Number of registers using Synchronous Load   ; 0     ;
; Number of registers using Asynchronous Clear ; 0     ;
; Number of registers using Asynchronous Load  ; 0     ;
; Number of registers using Clock Enable       ; 23    ;
; Number of registers using Preset             ; 0     ;
+----------------------------------------------+-------+


+--------------------------------------------------+
; Inverted Register Statistics                     ;
+----------------------------------------+---------+
; Inverted Register                      ; Fan out ;
+----------------------------------------+---------+
; CLK_DIVIDER:sdasads|cnt[8]             ; 1       ;
; CLK_DIVIDER:sdasads|cnt[7]             ; 1       ;
; CLK_DIVIDER:sdasads|cnt[5]             ; 1       ;
; CLK_DIVIDER:sdasads|cnt[2]             ; 1       ;
; CLK_DIVIDER:sdasads|cnt[1]             ; 1       ;
; CLK_DIVIDER:sdasads|cnt[0]             ; 1       ;
; CLK_DIVIDER:sdasads|cnt[13]            ; 1       ;
; CLK_DIVIDER:sdasads|cnt[14]            ; 1       ;
; Total number of inverted registers = 8 ;         ;
+----------------------------------------+---------+


+------------------------------------------------------------------------------------------------------------------------------------------+
; Multiplexer Restructuring Statistics (Restructuring Performed)                                                                           ;
+--------------------+-----------+---------------+----------------------+------------------------+------------+----------------------------+
; Multiplexer Inputs ; Bus Width ; Baseline Area ; Area if Restructured ; Saving if Restructured ; Registered ; Example Multiplexer Output ;
+--------------------+-----------+---------------+----------------------+------------------------+------------+----------------------------+
; 3:1                ; 23 bits   ; 46 LEs        ; 23 LEs               ; 23 LEs                 ; Yes        ; |senzor|REGX:inst8|data[4] ;
+--------------------+-----------+---------------+----------------------+------------------------+------------+----------------------------+


+----------------------------------------------------------+
; Parameter Settings for User Entity Instance: REGX:inst12 ;
+----------------+-------+---------------------------------+
; Parameter Name ; Value ; Type                            ;
+----------------+-------+---------------------------------+
; size           ; 7     ; Signed Integer                  ;
; default_value  ; 0     ; Signed Integer                  ;
+----------------+-------+---------------------------------+
Note: In order to hide this table in the UI and the text report file, please set the "Show Parameter Settings in Synthesis Report" option in "Analysis and Synthesis Settings -> More Settings" to "Off".


+---------------------------------------------------------+
; Parameter Settings for User Entity Instance: CMPX:inst9 ;
+----------------+-------+--------------------------------+
; Parameter Name ; Value ; Type                           ;
+----------------+-------+--------------------------------+
; size           ; 16    ; Signed Integer                 ;
+----------------+-------+--------------------------------+
Note: In order to hide this table in the UI and the text report file, please set the "Show Parameter Settings in Synthesis Report" option in "Analysis and Synthesis Settings -> More Settings" to "Off".


+---------------------------------------------------------+
; Parameter Settings for User Entity Instance: REGX:inst8 ;
+----------------+-------+--------------------------------+
; Parameter Name ; Value ; Type                           ;
+----------------+-------+--------------------------------+
; size           ; 16    ; Signed Integer                 ;
; default_value  ; 0     ; Signed Integer                 ;
+----------------+-------+--------------------------------+
Note: In order to hide this table in the UI and the text report file, please set the "Show Parameter Settings in Synthesis Report" option in "Analysis and Synthesis Settings -> More Settings" to "Off".


+---------------------------------------------------------+
; Parameter Settings for User Entity Instance: REGX:inst1 ;
+----------------+-------+--------------------------------+
; Parameter Name ; Value ; Type                           ;
+----------------+-------+--------------------------------+
; size           ; 16    ; Signed Integer                 ;
; default_value  ; 0     ; Signed Integer                 ;
+----------------+-------+--------------------------------+
Note: In order to hide this table in the UI and the text report file, please set the "Show Parameter Settings in Synthesis Report" option in "Analysis and Synthesis Settings -> More Settings" to "Off".


+--------------------------------------------------------+
; Parameter Settings for User Entity Instance: REGX:inst ;
+----------------+-------+-------------------------------+
; Parameter Name ; Value ; Type                          ;
+----------------+-------+-------------------------------+
; size           ; 16    ; Signed Integer                ;
; default_value  ; 0     ; Signed Integer                ;
+----------------+-------+-------------------------------+
Note: In order to hide this table in the UI and the text report file, please set the "Show Parameter Settings in Synthesis Report" option in "Analysis and Synthesis Settings -> More Settings" to "Off".


+------------------------------------------------------------------+
; Parameter Settings for User Entity Instance: CLK_DIVIDER:sdasads ;
+-------------------+-------+--------------------------------------+
; Parameter Name    ; Value ; Type                                 ;
+-------------------+-------+--------------------------------------+
; period_inmhz      ; 50    ; Signed Integer                       ;
; period_outmilisec ; 1     ; Signed Integer                       ;
+-------------------+-------+--------------------------------------+
Note: In order to hide this table in the UI and the text report file, please set the "Show Parameter Settings in Synthesis Report" option in "Analysis and Synthesis Settings -> More Settings" to "Off".


+------------------------------------------------------------+
; Parameter Settings for User Entity Instance: CONSTX:inst11 ;
+----------------+-------+-----------------------------------+
; Parameter Name ; Value ; Type                              ;
+----------------+-------+-----------------------------------+
; size           ; 16    ; Signed Integer                    ;
; const          ; 60000 ; Signed Integer                    ;
+----------------+-------+-----------------------------------+
Note: In order to hide this table in the UI and the text report file, please set the "Show Parameter Settings in Synthesis Report" option in "Analysis and Synthesis Settings -> More Settings" to "Off".


+------------------------------------------------------------------------------------+
; Parameter Settings for Inferred Entity Instance: Binary2BCD:inst14|lpm_divide:Div1 ;
+------------------------+----------------+------------------------------------------+
; Parameter Name         ; Value          ; Type                                     ;
+------------------------+----------------+------------------------------------------+
; LPM_WIDTHN             ; 8              ; Untyped                                  ;
; LPM_WIDTHD             ; 7              ; Untyped                                  ;
; LPM_NREPRESENTATION    ; UNSIGNED       ; Untyped                                  ;
; LPM_DREPRESENTATION    ; UNSIGNED       ; Untyped                                  ;
; LPM_PIPELINE           ; 0              ; Untyped                                  ;
; LPM_REMAINDERPOSITIVE  ; TRUE           ; Untyped                                  ;
; MAXIMIZE_SPEED         ; 5              ; Untyped                                  ;
; CBXI_PARAMETER         ; lpm_divide_dgm ; Untyped                                  ;
; CARRY_CHAIN            ; MANUAL         ; Untyped                                  ;
; OPTIMIZE_FOR_SPEED     ; 5              ; Untyped                                  ;
; AUTO_CARRY_CHAINS      ; ON             ; AUTO_CARRY                               ;
; IGNORE_CARRY_BUFFERS   ; OFF            ; IGNORE_CARRY                             ;
; AUTO_CASCADE_CHAINS    ; ON             ; AUTO_CASCADE                             ;
; IGNORE_CASCADE_BUFFERS ; OFF            ; IGNORE_CASCADE                           ;
+------------------------+----------------+------------------------------------------+
Note: In order to hide this table in the UI and the text report file, please set the "Show Parameter Settings in Synthesis Report" option in "Analysis and Synthesis Settings -> More Settings" to "Off".


+------------------------------------------------------------------------------------+
; Parameter Settings for Inferred Entity Instance: Binary2BCD:inst14|lpm_divide:Mod2 ;
+------------------------+----------------+------------------------------------------+
; Parameter Name         ; Value          ; Type                                     ;
+------------------------+----------------+------------------------------------------+
; LPM_WIDTHN             ; 8              ; Untyped                                  ;
; LPM_WIDTHD             ; 8              ; Untyped                                  ;
; LPM_NREPRESENTATION    ; UNSIGNED       ; Untyped                                  ;
; LPM_DREPRESENTATION    ; UNSIGNED       ; Untyped                                  ;
; LPM_PIPELINE           ; 0              ; Untyped                                  ;
; LPM_REMAINDERPOSITIVE  ; TRUE           ; Untyped                                  ;
; MAXIMIZE_SPEED         ; 5              ; Untyped                                  ;
; CBXI_PARAMETER         ; lpm_divide_h8m ; Untyped                                  ;
; CARRY_CHAIN            ; MANUAL         ; Untyped                                  ;
; OPTIMIZE_FOR_SPEED     ; 5              ; Untyped                                  ;
; AUTO_CARRY_CHAINS      ; ON             ; AUTO_CARRY                               ;
; IGNORE_CARRY_BUFFERS   ; OFF            ; IGNORE_CARRY                             ;
; AUTO_CASCADE_CHAINS    ; ON             ; AUTO_CASCADE                             ;
; IGNORE_CASCADE_BUFFERS ; OFF            ; IGNORE_CASCADE                           ;
+------------------------+----------------+------------------------------------------+
Note: In order to hide this table in the UI and the text report file, please set the "Show Parameter Settings in Synthesis Report" option in "Analysis and Synthesis Settings -> More Settings" to "Off".


+------------------------------------------------------------------------------------+
; Parameter Settings for Inferred Entity Instance: Binary2BCD:inst14|lpm_divide:Div0 ;
+------------------------+----------------+------------------------------------------+
; Parameter Name         ; Value          ; Type                                     ;
+------------------------+----------------+------------------------------------------+
; LPM_WIDTHN             ; 8              ; Untyped                                  ;
; LPM_WIDTHD             ; 4              ; Untyped                                  ;
; LPM_NREPRESENTATION    ; UNSIGNED       ; Untyped                                  ;
; LPM_DREPRESENTATION    ; UNSIGNED       ; Untyped                                  ;
; LPM_PIPELINE           ; 0              ; Untyped                                  ;
; LPM_REMAINDERPOSITIVE  ; TRUE           ; Untyped                                  ;
; MAXIMIZE_SPEED         ; 5              ; Untyped                                  ;
; CBXI_PARAMETER         ; lpm_divide_agm ; Untyped                                  ;
; CARRY_CHAIN            ; MANUAL         ; Untyped                                  ;
; OPTIMIZE_FOR_SPEED     ; 5              ; Untyped                                  ;
; AUTO_CARRY_CHAINS      ; ON             ; AUTO_CARRY                               ;
; IGNORE_CARRY_BUFFERS   ; OFF            ; IGNORE_CARRY                             ;
; AUTO_CASCADE_CHAINS    ; ON             ; AUTO_CASCADE                             ;
; IGNORE_CASCADE_BUFFERS ; OFF            ; IGNORE_CASCADE                           ;
+------------------------+----------------+------------------------------------------+
Note: In order to hide this table in the UI and the text report file, please set the "Show Parameter Settings in Synthesis Report" option in "Analysis and Synthesis Settings -> More Settings" to "Off".


+------------------------------------------------------------------------------------+
; Parameter Settings for Inferred Entity Instance: Binary2BCD:inst14|lpm_divide:Mod1 ;
+------------------------+----------------+------------------------------------------+
; Parameter Name         ; Value          ; Type                                     ;
+------------------------+----------------+------------------------------------------+
; LPM_WIDTHN             ; 8              ; Untyped                                  ;
; LPM_WIDTHD             ; 8              ; Untyped                                  ;
; LPM_NREPRESENTATION    ; UNSIGNED       ; Untyped                                  ;
; LPM_DREPRESENTATION    ; UNSIGNED       ; Untyped                                  ;
; LPM_PIPELINE           ; 0              ; Untyped                                  ;
; LPM_REMAINDERPOSITIVE  ; TRUE           ; Untyped                                  ;
; MAXIMIZE_SPEED         ; 5              ; Untyped                                  ;
; CBXI_PARAMETER         ; lpm_divide_h8m ; Untyped                                  ;
; CARRY_CHAIN            ; MANUAL         ; Untyped                                  ;
; OPTIMIZE_FOR_SPEED     ; 5              ; Untyped                                  ;
; AUTO_CARRY_CHAINS      ; ON             ; AUTO_CARRY                               ;
; IGNORE_CARRY_BUFFERS   ; OFF            ; IGNORE_CARRY                             ;
; AUTO_CASCADE_CHAINS    ; ON             ; AUTO_CASCADE                             ;
; IGNORE_CASCADE_BUFFERS ; OFF            ; IGNORE_CASCADE                           ;
+------------------------+----------------+------------------------------------------+
Note: In order to hide this table in the UI and the text report file, please set the "Show Parameter Settings in Synthesis Report" option in "Analysis and Synthesis Settings -> More Settings" to "Off".


+------------------------------------------------------------------------------------+
; Parameter Settings for Inferred Entity Instance: Binary2BCD:inst14|lpm_divide:Mod0 ;
+------------------------+----------------+------------------------------------------+
; Parameter Name         ; Value          ; Type                                     ;
+------------------------+----------------+------------------------------------------+
; LPM_WIDTHN             ; 8              ; Untyped                                  ;
; LPM_WIDTHD             ; 8              ; Untyped                                  ;
; LPM_NREPRESENTATION    ; UNSIGNED       ; Untyped                                  ;
; LPM_DREPRESENTATION    ; UNSIGNED       ; Untyped                                  ;
; LPM_PIPELINE           ; 0              ; Untyped                                  ;
; LPM_REMAINDERPOSITIVE  ; TRUE           ; Untyped                                  ;
; MAXIMIZE_SPEED         ; 5              ; Untyped                                  ;
; CBXI_PARAMETER         ; lpm_divide_h8m ; Untyped                                  ;
; CARRY_CHAIN            ; MANUAL         ; Untyped                                  ;
; OPTIMIZE_FOR_SPEED     ; 5              ; Untyped                                  ;
; AUTO_CARRY_CHAINS      ; ON             ; AUTO_CARRY                               ;
; IGNORE_CARRY_BUFFERS   ; OFF            ; IGNORE_CARRY                             ;
; AUTO_CASCADE_CHAINS    ; ON             ; AUTO_CASCADE                             ;
; IGNORE_CASCADE_BUFFERS ; OFF            ; IGNORE_CASCADE                           ;
+------------------------+----------------+------------------------------------------+
Note: In order to hide this table in the UI and the text report file, please set the "Show Parameter Settings in Synthesis Report" option in "Analysis and Synthesis Settings -> More Settings" to "Off".


+-------------------------------+
; Elapsed Time Per Partition    ;
+----------------+--------------+
; Partition Name ; Elapsed Time ;
+----------------+--------------+
; Top            ; 00:00:01     ;
+----------------+--------------+


+-------------------------------+
; Analysis & Synthesis Messages ;
+-------------------------------+
Info: *******************************************************************
Info: Running Quartus II 64-Bit Analysis & Synthesis
    Info: Version 13.1.0 Build 162 10/23/2013 SJ Web Edition
    Info: Processing started: Wed Feb 06 14:54:00 2019
Info: Command: quartus_map --read_settings_files=on --write_settings_files=off senzor -c senzor
Warning (20028): Parallel compilation is not licensed and has been disabled
Info (12021): Found 1 design units, including 1 entities, in source file sub20.bdf
    Info (12023): Found entity 1: SUB20
Info (12021): Found 1 design units, including 1 entities, in source file sub10.bdf
    Info (12023): Found entity 1: SUB10
Info (12021): Found 2 design units, including 1 entities, in source file seven_segment_digit_interface.vhd
    Info (12022): Found design unit 1: seven_segment_digit_interface-rtl
    Info (12023): Found entity 1: seven_segment_digit_interface
Info (12021): Found 1 design units, including 1 entities, in source file risingedge.bdf
    Info (12023): Found entity 1: RisingEdge
Info (12021): Found 2 design units, including 1 entities, in source file binary2bcd.vhd
    Info (12022): Found design unit 1: Binary2BCD-rtl
    Info (12023): Found entity 1: Binary2BCD
Info (12021): Found 2 design units, including 1 entities, in source file alu1.vhd
    Info (12022): Found design unit 1: ALU1-rtl
    Info (12023): Found entity 1: ALU1
Info (12021): Found 2 design units, including 1 entities, in source file add10.vhd
    Info (12022): Found design unit 1: ADD10-add10
    Info (12023): Found entity 1: ADD10
Info (12021): Found 2 design units, including 1 entities, in source file add1.vhd
    Info (12022): Found design unit 1: ADD1-add1
    Info (12023): Found entity 1: ADD1
Info (12021): Found 2 design units, including 1 entities, in source file regx.vhd
    Info (12022): Found design unit 1: REGX-rtl
    Info (12023): Found entity 1: REGX
Info (12021): Found 2 design units, including 1 entities, in source file constx.vhd
    Info (12022): Found design unit 1: CONSTX-rtl
    Info (12023): Found entity 1: CONSTX
Info (12021): Found 2 design units, including 1 entities, in source file cmpx.vhd
    Info (12022): Found design unit 1: CMPX-rtl
    Info (12023): Found entity 1: CMPX
Info (12021): Found 2 design units, including 1 entities, in source file clk_divider.vhd
    Info (12022): Found design unit 1: CLK_DIVIDER-rtl
    Info (12023): Found entity 1: CLK_DIVIDER
Warning (12125): Using design file senzor.bdf, which is not specified as a design file for the current project, but contains definitions for 1 design units and 1 entities in project
    Info (12023): Found entity 1: senzor
Info (12127): Elaborating entity "senzor" for the top level hierarchy
Info (12128): Elaborating entity "seven_segment_digit_interface" for hierarchy "seven_segment_digit_interface:inst15"
Warning (10540): VHDL Signal Declaration warning at seven_segment_digit_interface.vhd(28): used explicit default value for signal "x0" because signal was never assigned a value
Warning (10540): VHDL Signal Declaration warning at seven_segment_digit_interface.vhd(29): used explicit default value for signal "x1" because signal was never assigned a value
Warning (10540): VHDL Signal Declaration warning at seven_segment_digit_interface.vhd(30): used explicit default value for signal "x2" because signal was never assigned a value
Warning (10540): VHDL Signal Declaration warning at seven_segment_digit_interface.vhd(31): used explicit default value for signal "x3" because signal was never assigned a value
Info (12128): Elaborating entity "Binary2BCD" for hierarchy "Binary2BCD:inst14"
Info (12128): Elaborating entity "REGX" for hierarchy "REGX:inst12"
Info (12128): Elaborating entity "CMPX" for hierarchy "CMPX:inst9"
Warning (12125): Using design file add20.bdf, which is not specified as a design file for the current project, but contains definitions for 1 design units and 1 entities in project
    Info (12023): Found entity 1: ADD20
Info (12128): Elaborating entity "ADD20" for hierarchy "ADD20:inst5"
Info (12128): Elaborating entity "ADD10" for hierarchy "ADD20:inst5|ADD10:inst1"
Info (12128): Elaborating entity "ADD1" for hierarchy "ADD20:inst5|ADD10:inst1|ADD1:add10"
Info (12128): Elaborating entity "REGX" for hierarchy "REGX:inst8"
Info (12128): Elaborating entity "RisingEdge" for hierarchy "RisingEdge:inst4"
Info (12128): Elaborating entity "CLK_DIVIDER" for hierarchy "CLK_DIVIDER:sdasads"
Info (12128): Elaborating entity "CONSTX" for hierarchy "CONSTX:inst11"
Info (278001): Inferred 5 megafunctions from design logic
    Info (278004): Inferred divider/modulo megafunction ("lpm_divide") from the following logic: "Binary2BCD:inst14|Div1"
    Info (278004): Inferred divider/modulo megafunction ("lpm_divide") from the following logic: "Binary2BCD:inst14|Mod2"
    Info (278004): Inferred divider/modulo megafunction ("lpm_divide") from the following logic: "Binary2BCD:inst14|Div0"
    Info (278004): Inferred divider/modulo megafunction ("lpm_divide") from the following logic: "Binary2BCD:inst14|Mod1"
    Info (278004): Inferred divider/modulo megafunction ("lpm_divide") from the following logic: "Binary2BCD:inst14|Mod0"
Info (12130): Elaborated megafunction instantiation "Binary2BCD:inst14|lpm_divide:Div1"
Info (12133): Instantiated megafunction "Binary2BCD:inst14|lpm_divide:Div1" with the following parameter:
    Info (12134): Parameter "LPM_WIDTHN" = "8"
    Info (12134): Parameter "LPM_WIDTHD" = "7"
    Info (12134): Parameter "LPM_NREPRESENTATION" = "UNSIGNED"
    Info (12134): Parameter "LPM_DREPRESENTATION" = "UNSIGNED"
Info (12021): Found 1 design units, including 1 entities, in source file db/lpm_divide_dgm.tdf
    Info (12023): Found entity 1: lpm_divide_dgm
Info (12021): Found 1 design units, including 1 entities, in source file db/sign_div_unsign_ekh.tdf
    Info (12023): Found entity 1: sign_div_unsign_ekh
Info (12021): Found 1 design units, including 1 entities, in source file db/alt_u_div_73f.tdf
    Info (12023): Found entity 1: alt_u_div_73f
Info (12021): Found 1 design units, including 1 entities, in source file db/add_sub_unc.tdf
    Info (12023): Found entity 1: add_sub_unc
Info (12021): Found 1 design units, including 1 entities, in source file db/add_sub_vnc.tdf
    Info (12023): Found entity 1: add_sub_vnc
Info (12130): Elaborated megafunction instantiation "Binary2BCD:inst14|lpm_divide:Mod2"
Info (12133): Instantiated megafunction "Binary2BCD:inst14|lpm_divide:Mod2" with the following parameter:
    Info (12134): Parameter "LPM_WIDTHN" = "8"
    Info (12134): Parameter "LPM_WIDTHD" = "8"
    Info (12134): Parameter "LPM_NREPRESENTATION" = "UNSIGNED"
    Info (12134): Parameter "LPM_DREPRESENTATION" = "UNSIGNED"
Info (12021): Found 1 design units, including 1 entities, in source file db/lpm_divide_h8m.tdf
    Info (12023): Found entity 1: lpm_divide_h8m
Info (12021): Found 1 design units, including 1 entities, in source file db/sign_div_unsign_fkh.tdf
    Info (12023): Found entity 1: sign_div_unsign_fkh
Info (12021): Found 1 design units, including 1 entities, in source file db/alt_u_div_93f.tdf
    Info (12023): Found entity 1: alt_u_div_93f
Info (12130): Elaborated megafunction instantiation "Binary2BCD:inst14|lpm_divide:Div0"
Info (12133): Instantiated megafunction "Binary2BCD:inst14|lpm_divide:Div0" with the following parameter:
    Info (12134): Parameter "LPM_WIDTHN" = "8"
    Info (12134): Parameter "LPM_WIDTHD" = "4"
    Info (12134): Parameter "LPM_NREPRESENTATION" = "UNSIGNED"
    Info (12134): Parameter "LPM_DREPRESENTATION" = "UNSIGNED"
Info (12021): Found 1 design units, including 1 entities, in source file db/lpm_divide_agm.tdf
    Info (12023): Found entity 1: lpm_divide_agm
Info (12021): Found 1 design units, including 1 entities, in source file db/sign_div_unsign_bkh.tdf
    Info (12023): Found entity 1: sign_div_unsign_bkh
Info (12021): Found 1 design units, including 1 entities, in source file db/alt_u_div_13f.tdf
    Info (12023): Found entity 1: alt_u_div_13f
Info (12130): Elaborated megafunction instantiation "Binary2BCD:inst14|lpm_divide:Mod0"
Info (12133): Instantiated megafunction "Binary2BCD:inst14|lpm_divide:Mod0" with the following parameter:
    Info (12134): Parameter "LPM_WIDTHN" = "8"
    Info (12134): Parameter "LPM_WIDTHD" = "8"
    Info (12134): Parameter "LPM_NREPRESENTATION" = "UNSIGNED"
    Info (12134): Parameter "LPM_DREPRESENTATION" = "UNSIGNED"
Warning (13024): Output pins are stuck at VCC or GND
    Warning (13410): Pin "b" is stuck at GND
    Warning (13410): Pin "c" is stuck at GND
    Warning (13410): Pin "g" is stuck at VCC
    Warning (13410): Pin "dp" is stuck at VCC
    Warning (13410): Pin "dp13" is stuck at VCC
    Warning (13410): Pin "dp21" is stuck at VCC
Info (286030): Timing-Driven Synthesis is running
Info (17016): Found the following redundant logic cells in design
    Info (17048): Logic cell "Binary2BCD:inst14|lpm_divide:Mod1|lpm_divide_h8m:auto_generated|sign_div_unsign_fkh:divider|alt_u_div_93f:divider|add_sub_7_result_int[0]~0"
Info (16010): Generating hard_block partition "hard_block:auto_generated_inst"
    Info (16011): Adding 0 node(s), including 0 DDIO, 0 PLL, 0 transceiver and 0 LCELL
Info (21057): Implemented 308 device resources after synthesis - the final resource count might be different
    Info (21058): Implemented 2 input pins
    Info (21059): Implemented 25 output pins
    Info (21061): Implemented 281 logic cells
Info: Quartus II 64-Bit Analysis & Synthesis was successful. 0 errors, 14 warnings
    Info: Peak virtual memory: 4697 megabytes
    Info: Processing ended: Wed Feb 06 14:54:04 2019
    Info: Elapsed time: 00:00:04
    Info: Total CPU time (on all processors): 00:00:04


